C51 COMPILER V9.00   SHOWSTRINGS                                                           08/19/2024 08:55:07 PAGE 1   


C51 COMPILER V9.00, COMPILATION OF MODULE SHOWSTRINGS
OBJECT MODULE PLACED IN .\outputFiles\ShowStrings.obj
COMPILER INVOKED BY: C:\Keil_v4\C51\BIN\C51.EXE source\ShowStrings.c COMPACT BROWSE INCDIR(.\include;.\include) DEBUG OB
                    -JECTEXTEND LISTINCLUDE PRINT(.\ShowStrings.lst) OBJECT(.\outputFiles\ShowStrings.obj)

line level    source

   1          #include "STC8C.h"
   1      =1  #ifndef     __STC8C_H__
   2      =1  #define     __STC8C_H__
   3      =1  
   4      =1  /////////////////////////////////////////////////
   5      =1  
   6      =1  //"REG51.H"
   7      =1  
   8      =1  sfr         P0          =           0x80;       // PORT 0
   9      =1  sbit        P00         =           P0^0;       // PORT 0 Pin 0
  10      =1  sbit        P01         =           P0^1;       // PORT 0 Pin 1
  11      =1  sbit        P02         =           P0^2;       // PORT 0 Pin 2
  12      =1  sbit        P03         =           P0^3;       // PORT 0 Pin 3
  13      =1  sbit        P04         =           P0^4;       // PORT 0 Pin 4
  14      =1  sbit        P05         =           P0^5;       // PORT 0 Pin 5
  15      =1  sbit        P06         =           P0^6;       // PORT 0 Pin 6
  16      =1  sbit        P07         =           P0^7;       // PORT 0 Pin 7
  17      =1  sfr         SP          =           0x81;
  18      =1  sfr         DPL         =           0x82;
  19      =1  sfr         DPH         =           0x83;
  20      =1  sfr         PCON        =           0x87;       // ÁîµÊ∫êÊéßÂà∂ÂØÑÂ≠òÂô®
  21      =1  sfr         TCON        =           0x88;       // ÂÆöÊó∂Âô®ÊéßÂà∂ÂØÑÂ≠òÂô®
  22      =1  sbit        TF1         =           TCON^7;
  23      =1  sbit        TR1         =           TCON^6;
  24      =1  sbit        TF0         =           TCON^5;
  25      =1  sbit        TR0         =           TCON^4;
  26      =1  sbit        IE1         =           TCON^3;
  27      =1  sbit        IT1         =           TCON^2;
  28      =1  sbit        IE0         =           TCON^1;
  29      =1  sbit        IT0         =           TCON^0;
  30      =1  sfr         TMOD        =           0x89;       // ÂÆöÊó∂Âô®Ê®°ÂºèÂØÑÂ≠òÂô®
  31      =1  sfr         TL0         =           0x8A;       // ÂÆöÊó∂Âô®0(low 8bit)
  32      =1  sfr         TL1         =           0x8B;       // ÂÆöÊó∂Âô®1(low 8bit)
  33      =1  sfr         TH0         =           0x8C;       // ÂÆöÊó∂Âô®0(high 8bit)
  34      =1  sfr         TH1         =           0x8D;       // ÂÆöÊó∂Âô®1(high 8bit)
  35      =1  sfr         AUXR        =           0x8E;       // ËæÖÂä©ÂØÑÂ≠òÂô®1
  36      =1  sfr         INTCLKO     =           0x8F;       // ‰∏≠Êñ≠‰∏éÊó∂ÈíüËæìÂá∫ÊéßÂà∂ÂØÑÂ≠òÂô®
  37      =1  sfr         P1          =           0x90;       // PORT 1
  38      =1  sbit        P10         =           P1^0;       // PORT 1 Pin 0
  39      =1  sbit        P11         =           P1^1;       // PORT 1 Pin 1
  40      =1  sbit        P12         =           P1^2;       // PORT 1 Pin 2
  41      =1  sbit        P13         =           P1^3;       // PORT 1 Pin 3
  42      =1  sbit        P14         =           P1^4;       // PORT 1 Pin 4
  43      =1  sbit        P15         =           P1^5;       // PORT 1 Pin 5
  44      =1  sbit        P16         =           P1^6;       // PORT 1 Pin 6
  45      =1  sbit        P17         =           P1^7;       // PORT 1 Pin 7
  46      =1  sfr         P1M1        =           0x91;       // P1ÈÖçÁΩÆÂØÑÂ≠òÂô®1
  47      =1  sfr         P1M0        =           0x92;       // P1ÈÖçÁΩÆÂØÑÂ≠òÂô®0
  48      =1  sfr         P0M1        =           0x93;       // P0ÈÖçÁΩÆÂØÑÂ≠òÂô®1
  49      =1  sfr         P0M0        =           0x94;       // P0ÈÖçÁΩÆÂØÑÂ≠òÂô®0
  50      =1  sfr         P2M1        =           0x95;       // P2ÈÖçÁΩÆÂØÑÂ≠òÂô®1
  51      =1  sfr         P2M0        =           0x96;       // P2ÈÖçÁΩÆÂØÑÂ≠òÂô®0
  52      =1  sfr         SCON        =           0x98;       // ‰∏≤Âè£1ÊéßÂà∂ÂØÑÂ≠òÂô®
  53      =1  sbit        SM0         =           SCON^7;
C51 COMPILER V9.00   SHOWSTRINGS                                                           08/19/2024 08:55:07 PAGE 2   

  54      =1  sbit        SM1         =           SCON^6;
  55      =1  sbit        SM2         =           SCON^5;
  56      =1  sbit        REN         =           SCON^4;     // ‰∏≤Âè£1Êé•Êî∂‰ΩøËÉΩ
  57      =1  sbit        TB8         =           SCON^3;
  58      =1  sbit        RB8         =           SCON^2;
  59      =1  sbit        TI          =           SCON^1;     // ‰∏≤Âè£1ÂèëÈÄÅ‰∏≠Êñ≠ËØ∑Ê±ÇÊ†áÂøó
  60      =1  sbit        RI          =           SCON^0;     // ‰∏≤Âè£1Êé•Êî∂‰∏≠Êñ≠ËØ∑Ê±ÇÊ†áÂøó
  61      =1  sfr         SBUF        =           0x99;       // ‰∏≤Âè£1Êï∞ÊçÆÂØÑÂ≠òÂô®
  62      =1  sfr         S2CON       =           0x9A;       // ‰∏≤Âè£2ÊéßÂà∂ÂØÑÂ≠òÂô®
  63      =1  sfr         S2BUF       =           0x9B;       // ‰∏≤Âè£2Êï∞ÊçÆÂØÑÂ≠òÂô®
  64      =1  sfr         IRCBAND     =           0x9D;
  65      =1  sfr         LIRTRIM     =           0x9E;
  66      =1  sfr         IRTRIM      =           0x9F;
  67      =1  sfr         P2          =           0xA0;       // PORT 2
  68      =1  sbit        P20         =           P2^0;       // PORT 2 Pin 0
  69      =1  sbit        P21         =           P2^1;       // PORT 2 Pin 1
  70      =1  sbit        P22         =           P2^2;       // PORT 2 Pin 2
  71      =1  sbit        P23         =           P2^3;       // PORT 2 Pin 3
  72      =1  sbit        P24         =           P2^4;       // PORT 2 Pin 4
  73      =1  sbit        P25         =           P2^5;       // PORT 2 Pin 5
  74      =1  sbit        P26         =           P2^6;       // PORT 2 Pin 6
  75      =1  sbit        P27         =           P2^7;       // PORT 2 Pin 7
  76      =1  sfr         BUS_SPEED   =           0xA1;
  77      =1  sfr         P_SW1       =           0xA2;
  78      =1  sfr         IE          =           0xA8;       // ‰∏≠Êñ≠ÂÖÅËÆ∏ÂØÑÂ≠òÂô®
  79      =1  sbit        EA          =           IE^7;       // ÊÄª‰∏≠Êñ≠ÂÖÅËÆ∏ÊéßÂà∂‰Ωç
  80      =1  sbit        ELVD        =           IE^6;       // ‰ΩéÁîµÂéãÊ£ÄÊµã‰∏≠Êñ≠ÂÖÅËÆ∏‰Ωç
  81      =1  sbit        EADC        =           IE^5;       
  82      =1  sbit        ES          =           IE^4;       // UART1‰∏≠Êñ≠ÂÖÅËÆ∏‰Ωç
  83      =1  sbit        ET1         =           IE^3;       // timer1‰∏≠Êñ≠ÂÖÅËÆ∏‰Ωç
  84      =1  sbit        EX1         =           IE^2;       // Â§ñÈÉ®‰∏≠Êñ≠1‰∏≠Êñ≠ÂÖÅËÆ∏‰Ωç
  85      =1  sbit        ET0         =           IE^1;       // timer0‰∏≠Êñ≠ÂÖÅËÆ∏‰Ωç
  86      =1  sbit        EX0         =           IE^0;       // Â§ñÈÉ®‰∏≠Êñ≠0‰∏≠Êñ≠ÂÖÅËÆ∏‰Ωç
  87      =1  sfr         SADDR       =           0xA9;       // ‰∏≤Âè£1‰ªéÊú∫Âú∞ÂùÄÂØÑÂ≠òÂô®
  88      =1  sfr         WKTCL       =           0xAA;       // ÊéâÁîµÂî§ÈÜíÂÆöÊó∂Âô®(low 8bit)
  89      =1  sfr         WKTCH       =           0xAB;       // ÊéâÁîµÂî§ÈÜíÂÆöÊó∂Âô®(high 7bit)
  90      =1  sfr         TA          =           0xAE;
  91      =1  sfr         IE2         =           0xAF;       // ‰∏≠Êñ≠ÂÖÅËÆ∏ÂØÑÂ≠òÂô®2
  92      =1  sfr         P3          =           0xB0;       // PORT 3
  93      =1  sbit        P30         =           P3^0;       // PORT 3 Pin 0
  94      =1  sbit        P31         =           P3^1;       // PORT 3 Pin 1
  95      =1  sbit        P32         =           P3^2;       // PORT 3 Pin 2
  96      =1  sbit        P33         =           P3^3;       // PORT 3 Pin 3
  97      =1  sbit        P34         =           P3^4;       // PORT 3 Pin 4
  98      =1  sbit        P35         =           P3^5;       // PORT 3 Pin 5
  99      =1  sbit        P36         =           P3^6;       // PORT 3 Pin 6
 100      =1  sbit        P37         =           P3^7;       // PORT 3 Pin 7
 101      =1  sfr         P3M1        =           0xB1;       // P3ÈÖçÁΩÆÂØÑÂ≠òÂô®1
 102      =1  sfr         P3M0        =           0xB2;       // P3ÈÖçÁΩÆÂØÑÂ≠òÂô®0
 103      =1  sfr         P4M1        =           0xB3;       // P4ÈÖçÁΩÆÂØÑÂ≠òÂô®1
 104      =1  sfr         P4M0        =           0xB4;       // P4ÈÖçÁΩÆÂØÑÂ≠òÂô®0
 105      =1  sfr         IP2         =           0xB5;
 106      =1  sfr         IP2H        =           0xB6;
 107      =1  sfr         IPH         =           0xB7;
 108      =1  sfr         IP          =           0xB8;
 109      =1  sbit        PLVD        =           IP^6;
 110      =1  sbit        PS          =           IP^4;
 111      =1  sbit        PT1         =           IP^3;
 112      =1  sbit        PX1         =           IP^2;
 113      =1  sbit        PT0         =           IP^1;
 114      =1  sbit        PX0         =           IP^0;
 115      =1  sfr         SADEN       =           0xB9;       // ‰∏≤Âè£1‰ªéÊú∫Âú∞ÂùÄÂ±èËîΩÂØÑÂ≠òÂô®
C51 COMPILER V9.00   SHOWSTRINGS                                                           08/19/2024 08:55:07 PAGE 3   

 116      =1  sfr         P_SW2       =           0xBA;
 117      =1  sfr         P4          =           0xC0;       // PORT 4
 118      =1  sbit        P40         =           P4^0;       // PORT 4 Pin 0
 119      =1  sbit        P41         =           P4^1;       // PORT 4 Pin 1
 120      =1  sbit        P42         =           P4^2;       // PORT 4 Pin 2
 121      =1  sbit        P43         =           P4^3;       // PORT 4 Pin 3
 122      =1  sbit        P44         =           P4^4;       // PORT 4 Pin 4
 123      =1  sbit        P45         =           P4^5;       // PORT 4 Pin 5
 124      =1  sbit        P46         =           P4^6;       // PORT 4 Pin 6
 125      =1  sbit        P47         =           P4^7;       // PORT 4 Pin 7
 126      =1  sfr         WDT_CONTR   =           0xC1;
 127      =1  sfr         IAP_DATA    =           0xC2;
 128      =1  sfr         IAP_ADDRH   =           0xC3;
 129      =1  sfr         IAP_ADDRL   =           0xC4;
 130      =1  sfr         IAP_CMD     =           0xC5;
 131      =1  sfr         IAP_TRIG    =           0xC6;
 132      =1  sfr         IAP_CONTR   =           0xC7;
 133      =1  sfr         P5          =           0xC8;       // PORT 5
 134      =1  sbit        P50         =           P5^0;       // PORT 5 Pin 0
 135      =1  sbit        P51         =           P5^1;       // PORT 5 Pin 1
 136      =1  sbit        P52         =           P5^2;       // PORT 5 Pin 2
 137      =1  sbit        P53         =           P5^3;       // PORT 5 Pin 3
 138      =1  sbit        P54         =           P5^4;       // PORT 5 Pin 4
 139      =1  sbit        P55         =           P5^5;       // PORT 5 Pin 5
 140      =1  sbit        P56         =           P5^6;       // PORT 5 Pin 6
 141      =1  sbit        P57         =           P5^7;       // PORT 5 Pin 7
 142      =1  sfr         P5M1        =           0xC9;
 143      =1  sfr         P5M0        =           0xCA;
 144      =1  sfr         SPSTAT      =           0xCD;
 145      =1  sfr         SPCTL       =           0xCE;
 146      =1  sfr         SPDAT       =           0xCF;
 147      =1  sfr         PSW         =           0xD0;
 148      =1  sbit        CY          =           PSW^7;
 149      =1  sbit        AC          =           PSW^6;
 150      =1  sbit        F0          =           PSW^5;
 151      =1  sbit        RS1         =           PSW^4;
 152      =1  sbit        RS0         =           PSW^3;
 153      =1  sbit        OV          =           PSW^2;
 154      =1  sbit        F1          =           PSW^1;
 155      =1  sbit        P           =           PSW^0;
 156      =1  sfr         T4T3M       =           0xD1;
 157      =1  sfr         T4H         =           0xD2;
 158      =1  sfr         T4L         =           0xD3;
 159      =1  sfr         T3H         =           0xD4;
 160      =1  sfr         T3L         =           0xD5;
 161      =1  sfr         T2H         =           0xD6;
 162      =1  sfr         T2L         =           0xD7;
 163      =1  sfr         IP3         =           0xDF;
 164      =1  sfr         ACC         =           0xE0;
 165      =1  sfr         DPS         =           0xE3;
 166      =1  sfr         DPL1        =           0xE4;
 167      =1  sfr         DPH1        =           0xE5;
 168      =1  sfr         CMPCR1      =           0xE6;
 169      =1  sfr         CMPCR2      =           0xE7;
 170      =1  sfr         IP3H        =           0xEE;
 171      =1  sfr         AUXINTIF    =           0xEF;
 172      =1  sfr         B           =           0xF0;
 173      =1  sfr         IAP_TPS     =           0xF5;
 174      =1  sfr         RSTCFG      =           0xFF;
 175      =1  
 176      =1  
 177      =1  
C51 COMPILER V9.00   SHOWSTRINGS                                                           08/19/2024 08:55:07 PAGE 4   

 178      =1  
 179      =1  //√à√ß√è√Ç√å√ò√ä‚π¶√Ñ‹ºƒ¥√¶√Ü√∑Œª√ì√ö)’πRAM√á√∏√ì√≤
 180      =1  //¬∑√É√é√ä√ï√¢–©¬ºƒ¥√¶√Ü√∑,√ê√®√è»Ω¬´P_SW2¬µ√ÑBIT7√â√®√ñ√ÉŒ™1,¬≤≈ø√â√ï?√Å–¥
 181      =1  
 182      =1  /////////////////////////////////////////////////
 183      =1  //FF00H-FFFFH
 184      =1  /////////////////////////////////////////////////
 185      =1  
 186      =1  
 187      =1  /////////////////////////////////////////////////
 188      =1  //FE00H-FEFFH
 189      =1  /////////////////////////////////////////////////
 190      =1  
 191      =1  
 192      =1  #define     CLKSEL      (*(unsigned char volatile xdata *)0xfe00)   // Êó∂ÈíüÈÄâÊã©ÂØÑÂ≠òÂô®
 193      =1  #define     CLKDIV      (*(unsigned char volatile xdata *)0xfe01)   // Êó∂ÈíüÂàÜÈ¢ëÂØÑÂ≠òÂô®
 194      =1  #define     HIRCCR      (*(unsigned char volatile xdata *)0xfe02)   // È´òÈÄüÊô∂‰ΩìÊåØËç°Âô®Ê†°ÂáÜÂØÑÂ≠òÂô
             -®
 195      =1  #define     XOSCCR      (*(unsigned char volatile xdata *)0xfe03)   // Â§ñÈÉ®ÊåØËç°Âô®Ê†°ÂáÜÂØÑÂ≠òÂô®
 196      =1  #define     IRC32KCR    (*(unsigned char volatile xdata *)0xfe04)   // IRC 32KHz ÊåØËç°Âô®Ê†°ÂáÜÂØÑÂ≠òÂô®
 197      =1  #define     MCLKOCR     (*(unsigned char volatile xdata *)0xfe05)   // ‰∏ªÊó∂ÈíüËæìÂá∫ÊéßÂà∂ÂØÑÂ≠òÂô®
 198      =1  #define     IRCDB       (*(unsigned char volatile xdata *)0xfe06)   // IRC Ë∞ÉËäÇÂØÑÂ≠òÂô®
 199      =1  
 200      =1  // GPIO Á´ØÂè£‰∏äÊãâÁîµÈòªÈÖçÁΩÆÂØÑÂ≠òÂô®
 201      =1  #define     P0PU        (*(unsigned char volatile xdata *)0xfe10)
 202      =1  #define     P1PU        (*(unsigned char volatile xdata *)0xfe11)
 203      =1  #define     P2PU        (*(unsigned char volatile xdata *)0xfe12)
 204      =1  #define     P3PU        (*(unsigned char volatile xdata *)0xfe13)
 205      =1  #define     P4PU        (*(unsigned char volatile xdata *)0xfe14)
 206      =1  #define     P5PU        (*(unsigned char volatile xdata *)0xfe15)
 207      =1  
 208      =1  // GPIO Á´ØÂè£ÊñΩÂØÜÁâπËß¶ÂèëÊéßÂà∂ÂØÑÂ≠òÂô®
 209      =1  #define     P0NCS       (*(unsigned char volatile xdata *)0xfe18)
 210      =1  #define     P1NCS       (*(unsigned char volatile xdata *)0xfe19)
 211      =1  #define     P2NCS       (*(unsigned char volatile xdata *)0xfe1a)
 212      =1  #define     P3NCS       (*(unsigned char volatile xdata *)0xfe1b)
 213      =1  #define     P4NCS       (*(unsigned char volatile xdata *)0xfe1c)
 214      =1  #define     P5NCS       (*(unsigned char volatile xdata *)0xfe1d)
 215      =1  
 216      =1  // GPIO Á´ØÂè£ÁîµÂπ≥ËΩ¨Êç¢ÈÄüÂ∫¶ÊéßÂà∂ÂØÑÂ≠òÂô®
 217      =1  #define     P0SR        (*(unsigned char volatile xdata *)0xfe20)
 218      =1  #define     P1SR        (*(unsigned char volatile xdata *)0xfe21)
 219      =1  #define     P2SR        (*(unsigned char volatile xdata *)0xfe22)
 220      =1  #define     P3SR        (*(unsigned char volatile xdata *)0xfe23)
 221      =1  #define     P4SR        (*(unsigned char volatile xdata *)0xfe24)
 222      =1  #define     P5SR        (*(unsigned char volatile xdata *)0xfe25)
 223      =1  
 224      =1  // GPIO Á´ØÂè£ÁîµÊµÅÊéßÂà∂ÂØÑÂ≠òÂô®
 225      =1  #define     P0DR        (*(unsigned char volatile xdata *)0xfe28)
 226      =1  #define     P1DR        (*(unsigned char volatile xdata *)0xfe29)
 227      =1  #define     P2DR        (*(unsigned char volatile xdata *)0xfe2a)
 228      =1  #define     P3DR        (*(unsigned char volatile xdata *)0xfe2b)
 229      =1  #define     P4DR        (*(unsigned char volatile xdata *)0xfe2c)
 230      =1  #define     P5DR        (*(unsigned char volatile xdata *)0xfe2d)
 231      =1  
 232      =1  // GPIO Á´ØÂè£‰∏≠Êñ≠‰ΩøËÉΩÂØÑÂ≠òÂô®
 233      =1  #define     P0IE        (*(unsigned char volatile xdata *)0xfe30)
 234      =1  #define     P1IE        (*(unsigned char volatile xdata *)0xfe31)
 235      =1  
 236      =1  // I2C ÈÖçÁΩÆÂíåÊéßÂà∂ÂØÑÂ≠òÂô®
 237      =1  #define     I2CCFG      (*(unsigned char volatile xdata *)0xfe80)
 238      =1  #define     I2CMSCR     (*(unsigned char volatile xdata *)0xfe81)
C51 COMPILER V9.00   SHOWSTRINGS                                                           08/19/2024 08:55:07 PAGE 5   

 239      =1  #define     I2CMSST     (*(unsigned char volatile xdata *)0xfe82)
 240      =1  #define     I2CSLCR     (*(unsigned char volatile xdata *)0xfe83)
 241      =1  #define     I2CSLST     (*(unsigned char volatile xdata *)0xfe84)
 242      =1  #define     I2CSLADR    (*(unsigned char volatile xdata *)0xfe85)
 243      =1  #define     I2CTXD      (*(unsigned char volatile xdata *)0xfe86)
 244      =1  #define     I2CRXD      (*(unsigned char volatile xdata *)0xfe87)
 245      =1  #define     I2CMSAUX    (*(unsigned char volatile xdata *)0xfe88)
 246      =1  
 247      =1  // ÂÆöÊó∂Âô®È¢ÑÂàÜÈ¢ëÂØÑÂ≠òÂô®
 248      =1  #define     TM2PS       (*(unsigned char volatile xdata *)0xfea2)
 249      =1  #define     TM3PS       (*(unsigned char volatile xdata *)0xfea3)
 250      =1  #define     TM4PS       (*(unsigned char volatile xdata *)0xfea4)
 251      =1  
 252      =1  /////////////////////////////////////////////////
 253      =1  //FD00H-FDFFH
 254      =1  /////////////////////////////////////////////////
 255      =1  
 256      =1  // GPIO Á´ØÂè£‰∏≠Êñ≠‰ΩøËÉΩÂØÑÂ≠òÂô®
 257      =1  #define     P0INTE      (*(unsigned char volatile xdata *)0xfd00)
 258      =1  #define     P1INTE      (*(unsigned char volatile xdata *)0xfd01)
 259      =1  #define     P2INTE      (*(unsigned char volatile xdata *)0xfd02)
 260      =1  #define     P3INTE      (*(unsigned char volatile xdata *)0xfd03)
 261      =1  #define     P4INTE      (*(unsigned char volatile xdata *)0xfd04)
 262      =1  #define     P5INTE      (*(unsigned char volatile xdata *)0xfd05)
 263      =1  
 264      =1  // GPIO Á´ØÂè£‰∏≠Êñ≠Ê†áÂøóÂØÑÂ≠òÂô®
 265      =1  #define     P0INTF      (*(unsigned char volatile xdata *)0xfd10)
 266      =1  #define     P1INTF      (*(unsigned char volatile xdata *)0xfd11)
 267      =1  #define     P2INTF      (*(unsigned char volatile xdata *)0xfd12)
 268      =1  #define     P3INTF      (*(unsigned char volatile xdata *)0xfd13)
 269      =1  #define     P4INTF      (*(unsigned char volatile xdata *)0xfd14)
 270      =1  #define     P5INTF      (*(unsigned char volatile xdata *)0xfd15)
 271      =1  
 272      =1  // GPIO Á´ØÂè£‰∏≠Êñ≠Ê®°Âºè0ÂØÑÂ≠òÂô®
 273      =1  #define     P0IM0       (*(unsigned char volatile xdata *)0xfd20)
 274      =1  #define     P1IM0       (*(unsigned char volatile xdata *)0xfd21)
 275      =1  #define     P2IM0       (*(unsigned char volatile xdata *)0xfd22)
 276      =1  #define     P3IM0       (*(unsigned char volatile xdata *)0xfd23)
 277      =1  #define     P4IM0       (*(unsigned char volatile xdata *)0xfd24)
 278      =1  #define     P5IM0       (*(unsigned char volatile xdata *)0xfd25)
 279      =1  
 280      =1  // GPIO Á´ØÂè£‰∏≠Êñ≠Ê®°Âºè1ÂØÑÂ≠òÂô®
 281      =1  #define     P0IM1       (*(unsigned char volatile xdata *)0xfd30)
 282      =1  #define     P1IM1       (*(unsigned char volatile xdata *)0xfd31)
 283      =1  #define     P2IM1       (*(unsigned char volatile xdata *)0xfd32)
 284      =1  #define     P3IM1       (*(unsigned char volatile xdata *)0xfd33)
 285      =1  #define     P4IM1       (*(unsigned char volatile xdata *)0xfd34)
 286      =1  #define     P5IM1       (*(unsigned char volatile xdata *)0xfd35)
 287      =1  
 288      =1  /////////////////////////////////////////////////
 289      =1  //FC00H-FCFFH
 290      =1  /////////////////////////////////////////////////
 291      =1  
 292      =1  // Â§öË∑ØÂ§çÁî®Êï∞Â≠óËæìÂÖ•Á´ØÂè£ÂØÑÂ≠òÂô®
 293      =1  #define     MD3         (*(unsigned char volatile xdata *)0xfcf0)
 294      =1  #define     MD2         (*(unsigned char volatile xdata *)0xfcf1)
 295      =1  #define     MD1         (*(unsigned char volatile xdata *)0xfcf2)
 296      =1  #define     MD0         (*(unsigned char volatile xdata *)0xfcf3)
 297      =1  #define     MD5         (*(unsigned char volatile xdata *)0xfcf4)
 298      =1  #define     MD4         (*(unsigned char volatile xdata *)0xfcf5)
 299      =1  
 300      =1  // Ê®°ÊãüÂ§çÁî®Âô®ÊéßÂà∂ÂíåADCÊéßÂà∂ÂØÑÂ≠òÂô®
C51 COMPILER V9.00   SHOWSTRINGS                                                           08/19/2024 08:55:07 PAGE 6   

 301      =1  #define     ARCON       (*(unsigned char volatile xdata *)0xfcf6)
 302      =1  #define     OPCON       (*(unsigned char volatile xdata *)0xfcf7)
 303      =1  
 304      =1  /////////////////////////////////////////////////
 305      =1  //FB00H-FBFFH
 306      =1  /////////////////////////////////////////////////
 307      =1  
 308      =1  
 309      =1  /////////////////////////////////////////////////
 310      =1  //FA00H-FAFFH
 311      =1  /////////////////////////////////////////////////
 312      =1  
 313      =1  
 314      =1  /////////////////////////////////////////////////
 315      =1  
 316      =1  #endif
 317      =1  
   2          #include "GPIO_init.h"
   1      =1  #ifndef _GPIO_INIT_H_
   2      =1  #define _GPIO_INIT_H_
   3      =1  
   4      =1  #define BIT_SET_ZERO(src, cnt) src &= ~(1 << cnt) // Áªô src Â∑¶Áßª cnt‰ΩçÂÜô0
   5      =1  #define BIT_SET_ONE(src, cnt) src |= (1 << cnt) // Áªô src Â∑¶Áßª cnt ‰ΩçÂÜô1
   6      =1  #define FIND_BIT(src, cnt) (src & (1 << cnt)) // Êâæ src ‰∏≠Â∑¶Áßª cnt ‰ΩçÁöÑ 1
   7      =1  
   8      =1  #define SEVENTH_BIT 7
   9      =1  #define SIXTH_BIT 6
  10      =1  #define FIFTH_BIT 5
  11      =1  #define FOURTH_BIT 4
  12      =1  #define THIRD_BIT 3
  13      =1  #define SECOND_BIT 2
  14      =1  #define FIRST_BIT 1
  15      =1  #define ZEROTH_BIT 0
  16      =1  #define NEXT_CH_BIT 8
  17      =1  
  18      =1  #define LOW_FREQUENCY !1
  19      =1  #define TIMER_MAX_COUNT (65535U)
  20      =1  #define BAUD_RATE (115200U)
  21      =1  #if LOW_FREQUENCY
           =1 #define FOSC 11059200UL
           =1 #else
  24      =1  #define FOSC 33177200UL
  25      =1  #endif
  26      =1  #define BRT ((TIMER_MAX_COUNT + 1U) - (FOSC / BAUD_RATE / 4U))
  27      =1  
  28      =1  #ifndef USE_P0
  29      =1  #define USE_P0 (unsigned char)(0x0f) // P0ÊâÄ‰ΩøÁî®ÁöÑ pin
  30      =1  #endif // !USE_P0
  31      =1  
  32      =1  #ifndef USER_P1
  33      =1  #define USE_P1 (unsigned char)(0xFF) // P1ÊâÄ‰ΩøÁî®ÁöÑ pin
  34      =1  #endif // !USER_P1
  35      =1  
  36      =1  #ifndef USE_P2
  37      =1  #define USE_P2 (unsigned char)(0xFF) // P2ÊâÄ‰ΩøÁî®ÁöÑ pin
  38      =1  #endif // !USE_P2
  39      =1  
  40      =1  #ifndef USE_P3
  41      =1  #define USE_P3 (unsigned char)(0xf8) // P3ÊâÄ‰ΩøÁî®ÁöÑ pin
  42      =1  #endif // !USE_P3
  43      =1  
  44      =1  #define MIN_BYTES (2)
C51 COMPILER V9.00   SHOWSTRINGS                                                           08/19/2024 08:55:07 PAGE 7   

  45      =1  #define MIN_ARR_LEN (12)
  46      =1  
  47      =1  
  48      =1  
  49      =1  void GPIO_setPushPullupOutput(const unsigned char port, const unsigned char pin);
  50      =1  
  51      =1  void GPIO_setOpenDrainOutput(const unsigned char port, const unsigned char pin);
  52      =1  
  53      =1  void GPIO_setStandardBidirectional(const unsigned char port, const unsigned char pin);
  54      =1  
  55      =1  void GPIO_setHighResistanceInput(const unsigned char port, const unsigned char pin);
  56      =1  
  57      =1  void GPIO_setPullup(const unsigned char port,
  58      =1                      const unsigned char pin,
  59      =1                      const unsigned char en);
  60      =1  
  61      =1  void GPIO_setSchmidtTrigger(const unsigned char port,
  62      =1                              const unsigned char pin,
  63      =1                              const unsigned char en);
  64      =1  
  65      =1  void GPIO_setLevelShiftingSpeed(const unsigned char port,
  66      =1                                  const unsigned char pin,
  67      =1                                  const unsigned char en);
  68      =1  
  69      =1  void GPIO_setDriveCurrent(const unsigned char port,
  70      =1                            const unsigned char pin,
  71      =1                            const unsigned char en);
  72      =1  
  73      =1  void UartInit(void);
  74      =1  
  75      =1  void UartSendByte(unsigned char ch);
  76      =1  
  77      =1  void UartSendString(const char* str);
  78      =1  
  79      =1  void GPIO_init(void);
  80      =1  
  81      =1  void LED_off(void);
  82      =1  
  83      =1  void LED_allON(unsigned char LED_line);
  84      =1  
  85      =1  void LED_allON_test(void);
  86      =1  
  87      =1  void LED_leftON_test(void);
  88      =1  
  89      =1  void LED_rightON_test(void);
  90      =1  
  91      =1  void LED_twoBytes_test(void);
  92      =1  
  93      =1  void LED_twoBytes_test1(void);
  94      =1  
  95      =1  void LED_twoBytes_test2(void);
  96      =1  
  97      =1  void LED_twoBytes_test3(void);
  98      =1  
  99      =1  void LED_screen0_test(const unsigned char(*strData)[12],
 100      =1                        const unsigned char bytes,
 101      =1                        const unsigned char arrLen);
 102      =1  
 103      =1  void LED_screen1_test(const unsigned char(*strData)[12],
 104      =1                       const unsigned char bytes,
 105      =1                       const unsigned char arrLen);
 106      =1  
C51 COMPILER V9.00   SHOWSTRINGS                                                           08/19/2024 08:55:07 PAGE 8   

 107      =1  void LED_screen2_test(const unsigned char(*strData)[12],
 108      =1                        const unsigned char bytes,
 109      =1                        const unsigned char arrLen);
 110      =1  
 111      =1  void LED_screen3_test(const unsigned char(*strData)[12],
 112      =1                        const unsigned char bytes,
 113      =1                        const unsigned char arrLen);
 114      =1  
 115      =1  #endif  // _GPIO_INIT_H_
   3          #include "ShowStrings.h"
   1      =1  #ifndef _SHOWSTRINGS_H_
   2      =1  #define _SHOWSTRINGS_H_
   3      =1  
   4      =1  #define MAX_BYTES (4)
   5      =1  #define MAX_ARR_LEN (12)
   6      =1  
   7      =1  /*
   8      =1  P0  -->P3.3    |P0.0~P0.3   0x0f    0000 1111
   9      =1  P1  -->P0.0    |P1.0~P1.7   0xff    1111 1111
  10      =1  P2  -->P0.1    |P2.0~P2.7   0xff    1111 1111
  11      =1  P3  -->P0.2    |P3.3~P3.7   0xf8    1111 1000
  12      =1  P4  -->P0.3
  13      =1  P5  -->P3.4
  14      =1  P6  -->P3.5
  15      =1  P7  -->P3.6
  16      =1  P8  -->P3.7
  17      =1  P9  -->P2.0
  18      =1  P10 -->P2.1
  19      =1  P11 -->P2.2
  20      =1  P12 -->P2.3
  21      =1  P13 -->P1.0
  22      =1  P14 -->P1.1
  23      =1  P15 -->P1.2
  24      =1  P16 -->P1.3
  25      =1  P17 -->P1.4
  26      =1  P18 -->P1.5
  27      =1  P19 -->P1.6
  28      =1  P20 -->P1.7
  29      =1  P21 -->P2.4
  30      =1  P22 -->P2.5
  31      =1  P23 -->P2.6
  32      =1  P24 -->P2.7
  33      =1  */
  34      =1  // Áî±‰∫éÊõ¥Êîπ‰∫ÜPinÁöÑÊéíÂ∫è, ÊïÖÊ≠§ÈÄâÊã©Êõ¥ÊîπÁªìÊûÑ‰ΩìÈÉ®ÂàÜÁªìÊûÑ
  35      =1  typedef struct
  36      =1  {
  37      =1      unsigned char L0_P33 : 1;
  38      =1      unsigned char L1_P00 : 1; // Êåâ‰ΩçÊìç‰Ωú,‰Ωé‰Ωç
  39      =1      unsigned char L2_P01 : 1; // P2Âç†1bit
  40      =1      unsigned char L3_P02 : 1;
  41      =1      unsigned char L4_P03 : 1;
  42      =1      unsigned char L5_P34 : 1;
  43      =1      unsigned char L6_P35 : 1;
  44      =1      unsigned char L7_P36 : 1;
  45      =1      unsigned char L8_P37 : 1;
  46      =1      unsigned char L9_P20 : 1;
  47      =1      unsigned char L10_P21 : 1;
  48      =1      unsigned char L11_P22 : 1;
  49      =1      unsigned char L12_P23 : 1;
  50      =1      unsigned char L13_P10 : 1;
  51      =1      unsigned char L14_P11 : 1;
  52      =1      unsigned char L15_P12 : 1;
C51 COMPILER V9.00   SHOWSTRINGS                                                           08/19/2024 08:55:07 PAGE 9   

  53      =1      unsigned char L16_P13 : 1;
  54      =1      unsigned char L17_P14 : 1;
  55      =1      unsigned char L18_P15 : 1;
  56      =1      unsigned char L19_P16 : 1;
  57      =1      unsigned char L20_P17 : 1;
  58      =1      unsigned char L21_P24 : 1;
  59      =1      unsigned char L22_P25 : 1;
  60      =1      unsigned char L23_P26 : 1;
  61      =1      unsigned char L24_P27 : 1;
  62      =1      unsigned char NullPin2 : 7; // <--( Êõ¥Êîπ‰∫ÜÊ≠§Â§ÑÂç†‰Ωç )Á©∫‰Ωç‰∏çÁî®Âà∞, Âà∞Ê≠§‰∏∫Ê≠¢‰øÇ32bit, 4byt
             -esÂ§ßÂ∞è
  63      =1  } PORT_status;
  64      =1  ///////////
  65      =1  typedef union
  66      =1  {
  67      =1      PORT_status PortPin;// ÂÖ±Âç†32bit, Âç≥‰∏∫4bytes
  68      =1      unsigned long seg;  // Êï¥‰ΩìÊìç‰Ωú, long Âç†4bytes, ‰∏éPortPinÈïøÂ∫¶ÂØπÈΩê
  69      =1  } LED_un;
  70      =1  
  71      =1  void changeIO_status(LED_un strData, const unsigned char electricityIO);
  72      =1  
  73      =1  char** hello_cn_str(void);
  74      =1  
  75      =1  #endif // !_SHOWSTRINGS_H_
   4          #define STR_TEST 1
   5          
   6          /*
   7          P0  -->P3.3    |P0.0~P0.3   0x0f    0000 1111
   8          P1  -->P0.0    |P1.0~P1.7   0xff    1111 1111
   9          P2  -->P0.1    |P2.0~P2.7   0xff    1111 1111
  10          P3  -->P0.2    |P3.3~P3.7   0xf8    1111 1000
  11          P4  -->P0.3
  12          P5  -->P3.4
  13          P6  -->P3.5
  14          P7  -->P3.6
  15          P8  -->P3.7
  16          P9  -->P2.0
  17          P10 -->P2.1
  18          P11 -->P2.2
  19          P12 -->P2.3
  20          P13 -->P1.0
  21          P14 -->P1.1
  22          P15 -->P1.2
  23          P16 -->P1.3
  24          P17 -->P1.4
  25          P18 -->P1.5
  26          P19 -->P1.6
  27          P20 -->P1.7
  28          P21 -->P2.4
  29          P22 -->P2.5
  30          P23 -->P2.6
  31          P24 -->P2.7
  32          */
  33          #if 0
              {0x40, 0x00, 0x40, 0x00, 0x40, 0x00, 0x40, 0x00, 0x40, 0x00, 0x40, 0x00, 0x40, 0x00, 0x40, 0x00, },
              {0x40,0x00,0x40,0x00,0x40,0x00,0x40,0x00,},/*"‰∏Ä",0*/
              
              
              {0x40, 0x00, 0x40, 0x00, 0x40, 0x00, 0x40, 0x00, 0x40, 0x00, 0x40, 0x00, 0x40, 0x00, 0x40, 0x00,},
              {0x40,0x00,0x40,0x00,0x40,0x00,0x40,0x00,},/*"‰∏Ä",0*/
              {0x80,0x08,0xFE,0x04,0xAB,0x02,0xAA,0x01,0xFE,0x0F,0x00,0x00,0xF9,0x0F,0x0A,0x00,},
              {0xE8,0x03,0x2F,0x02,0xE8,0x03,0x0A,0x00,},/*"Ë∫∫",1*/
C51 COMPILER V9.00   SHOWSTRINGS                                                           08/19/2024 08:55:07 PAGE 10  

              {0x91,0x08,0x99,0x08,0x95,0x08,0xF3,0x0F,0x91,0x04,0x95,0x04,0xB9,0x04,0x00,0x00,},
              {0xFC,0x01,0x00,0x00,0x00,0x00,0xFF,0x0F,},/*"Âà∞",2*/
              {0x00,0x00,0xFE,0x0F,0x02,0x00,0xF2,0x0F,0x92,0x08,0x92,0x04,0x92,0x00,0x93,0x08,},
              {0xF2,0x01,0x8A,0x06,0x8A,0x08,0x8A,0x00,},/*"Â∫ï",3*/
              #endif
  47          #if !STR_TEST
              static unsigned char hello_cn[4][12] = {
                  {0xBB, 0xFF, 0x1B, 0xF0, 0xD9, 0xF7, 0xC8, 0xF6, 0xEA, 0xFE, 0xFB, 0xFE,},
                  {0xBB, 0xF2, 0xDB, 0xF6, 0xCB, 0xF6, 0xEB, 0xFE, 0xFB, 0xFE, 0x3B, 0xFE,},/*"‰Ω†",0*/
                  {0x3B, 0xF0, 0xFB, 0xF7, 0xC0, 0xFB, 0xC9, 0xFD, 0xED, 0xFD, 0x2D, 0xF0,},
                  {0xED, 0xFD, 0xF1, 0xFD, 0xF7, 0xFD, 0xEB, 0xFD, 0xDD, 0xFD, 0x7E, 0xFC,}/*"Â•Ω",1*/
              };
              #else
  55          static unsigned char hello_cn[][12] = {
  56          {0x20, 0x00, 0x27, 0xc0, 0x20, 0x40, 0xf8, 0x80, 0x49, 0x00, 0x49, 0x00},
  57          {0x4f, 0xe0, 0x91, 0x00, 0x51, 0x00, 0x21, 0x00, 0x51, 0x00, 0x8b, 0x00}
  58          };
  59          #endif // STR_TEST
  60          
  61          
  62          #if 0
              /// @brief Êõ¥ÊîπIOÁä∂ÊÄÅ
              /// @param strData Ë¢´Ëß£ÊûêÁöÑÂ≠óÁ¨¶ÁÇπÈòµË°åÊï∞ÊçÆ
              /// @param electricityIO ‰æõÁîµÁöÑÁ¨¨Âá†‰∏™IO( 0~24 )
              /// @note Ë∞ÉÁî®Êó∂Êó†ÈúÄËÄÉËôëIOÊ®°ÂºèËΩ¨Êç¢, ‰ΩÜË¶ÅËÆ∞Âæó‰º†ÂÖ•ÁöÑ strData ÂøÖÈ°ªË¶ÅÂ§ÑÁêÜ‰æõÁîµPin(x)Áö
             -ÑÁä∂ÊÄÅ
              void changeIO_status(LED_un strData, const unsigned char electricityIO)
              {
                  /* ÂÖàÂèñÊ∂à‰æõÁîµ */
                  P0 = ~USE_P0;
                  P1 = ~USE_P1;
                  P2 = ~USE_P2;
                  P3 = ~USE_P3;
              
                  switch ( electricityIO )
                  {
                      case 0:
                          GPIO_setOpenDrainOutput(3, 3);//  P0
                          GPIO_setPushPullupOutput(0, 0);// P1
                          break;
                      case 1:
                          GPIO_setOpenDrainOutput(0, 0);//  P1
                          GPIO_setPushPullupOutput(0, 1);// P2
                          break;
                      case 2:
                          GPIO_setOpenDrainOutput(0, 1);//  P2
                          GPIO_setPushPullupOutput(0, 2);// P3
                          break;
                      case 3:
                          GPIO_setOpenDrainOutput(0, 2);//  P3
                          GPIO_setPushPullupOutput(0, 3);// P4
                          break;
                      case 4:
                          GPIO_setOpenDrainOutput(0, 3);//  P4
                          GPIO_setPushPullupOutput(3, 4);// P5
                          break;
                      case 5:
                          GPIO_setOpenDrainOutput(3, 4);//  P5
                          GPIO_setPushPullupOutput(3, 5);// P6
                          break;
                      case 6:
                          GPIO_setOpenDrainOutput(3, 5);//  P6
C51 COMPILER V9.00   SHOWSTRINGS                                                           08/19/2024 08:55:07 PAGE 11  

                          GPIO_setPushPullupOutput(3, 6);// P7
                          break;
                      case 7:
                          GPIO_setOpenDrainOutput(3, 6);//  P7
                          GPIO_setPushPullupOutput(3, 7);// P8
                          break;
                      case 8:
                          GPIO_setOpenDrainOutput(3, 7);//  P8
                          GPIO_setPushPullupOutput(2, 0);// P9
                          break;
                      case 9:
                          GPIO_setOpenDrainOutput(2, 0);//  P9
                          GPIO_setPushPullupOutput(2, 1);//P10
                          break;
                      case 10:
                          GPIO_setOpenDrainOutput(2, 1);// P10
                          GPIO_setPushPullupOutput(2, 2);//P11
                          break;
                      case 11:
                          GPIO_setOpenDrainOutput(2, 2);// P11
                          GPIO_setPushPullupOutput(2, 3);//P12
                          break;
                      case 12:
                          GPIO_setOpenDrainOutput(2, 3);// P12
                          GPIO_setPushPullupOutput(1, 0);//P13
                          break;
                      case 13:
                          GPIO_setOpenDrainOutput(1, 0);// P13
                          GPIO_setPushPullupOutput(1, 1);//P14
                          break;
                      case 14:
                          GPIO_setOpenDrainOutput(1, 1);// P14
                          GPIO_setPushPullupOutput(1, 2);//P15
                          break;
                      case 15:
                          GPIO_setOpenDrainOutput(1, 2);// P15
                          GPIO_setPushPullupOutput(1, 3);//P16
                          break;
                      case 16:
                          GPIO_setOpenDrainOutput(1, 3);// P16
                          GPIO_setPushPullupOutput(1, 4);//P17
                          break;
                      case 17:
                          GPIO_setOpenDrainOutput(1, 4);// P17
                          GPIO_setPushPullupOutput(1, 5);//P18
                          break;
                      case 18:
                          GPIO_setOpenDrainOutput(1, 5);// P18
                          GPIO_setPushPullupOutput(1, 6);//P19
                          break;
                      case 19:
                          GPIO_setOpenDrainOutput(1, 6);// P19
                          GPIO_setPushPullupOutput(1, 7);//P20
                          break;
                      case 20:
                          GPIO_setOpenDrainOutput(1, 7);// P20
                          GPIO_setPushPullupOutput(2, 4);//P21
                          break;
                      case 21:
                          GPIO_setOpenDrainOutput(2, 4);// P21
                          GPIO_setPushPullupOutput(2, 5);//P22
                          break;
C51 COMPILER V9.00   SHOWSTRINGS                                                           08/19/2024 08:55:07 PAGE 12  

                      case 22:
                          GPIO_setOpenDrainOutput(2, 5);// P22
                          GPIO_setPushPullupOutput(2, 6);//P23
                          break;
                      case 23:
                          GPIO_setOpenDrainOutput(2, 6);// P23
                          GPIO_setPushPullupOutput(2, 7);//P24
                          break;
                      case 24:
                          GPIO_setOpenDrainOutput(2, 7);// P24
                          GPIO_setPushPullupOutput(3, 3);// P0
                          break;
                      default:
                          return;
                  }
                  P33 = strData.PortPin.P0;
              
                  P00 = strData.PortPin.P1;
                  P01 = strData.PortPin.P2;
                  P02 = strData.PortPin.P3;
                  P03 = strData.PortPin.P4;
              
                  P34 = strData.PortPin.P5;
                  P35 = strData.PortPin.P6;
                  P36 = strData.PortPin.P7;
                  P37 = strData.PortPin.P8;
              
                  P20 = strData.PortPin.P9;
                  P21 = strData.PortPin.P10;
                  P22 = strData.PortPin.P11;
                  P23 = strData.PortPin.P12;
              
                  P10 = strData.PortPin.P13;
                  P11 = strData.PortPin.P14;
                  P12 = strData.PortPin.P15;
                  P13 = strData.PortPin.P16;
                  P14 = strData.PortPin.P17;
                  P15 = strData.PortPin.P18;
                  P16 = strData.PortPin.P19;
                  P17 = strData.PortPin.P20;
              
                  P24 = strData.PortPin.P21;
                  P25 = strData.PortPin.P22;
                  P26 = strData.PortPin.P23;
                  P27 = strData.PortPin.P24;
              
                  return;
              }
              #endif // 0
 214          
 215          
 216          
 217          char** hello_cn_str(void)
 218          {
 219   1          return hello_cn;
 220   1      }
 221          
 222          #if 0
              {
                  0xFF, 0xFF, 0xFF, 0xFF, 0xFF, 0xAB, 0xAB, 0xAB, 0xD7, 0xD7, 0xD7, 0xFF
              },/*"w",0*/
              1111 1111
C51 COMPILER V9.00   SHOWSTRINGS                                                           08/19/2024 08:55:07 PAGE 13  

              1111 1111
              1111 1111
              1111 1111
              1111 1111
              0 0  0
              0 0  0
              0 0  0
              0  0
              0  0
              0  0
              1111 1111
              
              {0xFF, 0xFF, 0xFF, 0xFF, 0xFF, 0xBB, 0xBB, 0xD7, 0xD7, 0xEF, 0xEF, 0x9F},/*"y",1*/
              
              {0xFF,0xDF,0xAF,0xAF,0xDF,0xDF,0xAB,0xAB,0xB7,0xB7,0xCB,0xFF},/*"&",2*/
              
              {0xFF,0xFF,0xC7,0xBB,0xBB,0xBB,0xBB,0xBB,0xAB,0xB7,0xCB,0xFF},/*"Q",3*/
              
              {0xFF,0xFF,0xC7,0xBB,0xBB,0xBB,0xBB,0xBB,0xAB,0xB7,0xCB,0xFF},/*"Q",4*/
              
              {0xBB,0xFF,0x1B,0xF0,0xD9,0xF7,0xC8,0xF6,0xEA,0xFE,0xFB,0xFE,},
              {0xBB,0xF2,0xDB,0xF6,0xCB,0xF6,0xEB,0xFE,0xFB,0xFE,0x3B,0xFE,},/*"‰Ω†",0*/
              {0x3B,0xF0,0xFB,0xF7,0xC0,0xFB,0xC9,0xFD,0xED,0xFD,0x2D,0xF0,},
              {0xED,0xFD,0xF1,0xFD,0xF7,0xFD,0xEB,0xFD,0xDD,0xFD,0x7E,0xFC,},/*"Â•Ω",1*/
              #endif


MODULE INFORMATION:   STATIC OVERLAYABLE
   CODE SIZE        =      7    ----
   CONSTANT SIZE    =   ----    ----
   XDATA SIZE       =   ----    ----
   PDATA SIZE       =     24    ----
   DATA SIZE        =   ----    ----
   IDATA SIZE       =   ----    ----
   BIT SIZE         =   ----    ----
END OF MODULE INFORMATION.


C51 COMPILATION COMPLETE.  0 WARNING(S),  0 ERROR(S)
